This is pdfTeXk, Version 3.141592-1.40.3 (Web2C 7.5.6) (format=latex 2008.5.23)  19 AUG 2009 08:50
entering extended mode
 %&-line parsing enabled.
**atlas_install
(./atlas_install.tex
LaTeX2e <2005/12/01>
Babel <v3.8h> and hyphenation patterns for english, usenglishmax, dumylang, noh
yphenation, loaded.
(/usr/share/texmf-texlive/tex/latex/base/article.cls
Document Class: article 2005/09/16 v1.4f Standard LaTeX document class
(/usr/share/texmf-texlive/tex/latex/base/size11.clo
File: size11.clo 2005/09/16 v1.4f Standard LaTeX file (size option)
)
\c@part=\count79
\c@section=\count80
\c@subsection=\count81
\c@subsubsection=\count82
\c@paragraph=\count83
\c@subparagraph=\count84
\c@figure=\count85
\c@table=\count86
\abovecaptionskip=\skip41
\belowcaptionskip=\skip42
\bibindent=\dimen102
)
(/usr/share/texmf-texlive/tex/latex/graphics/epsfig.sty
Package: epsfig 1999/02/16 v1.7a (e)psfig emulation (SPQR)

(/usr/share/texmf-texlive/tex/latex/graphics/graphicx.sty
Package: graphicx 1999/02/16 v1.0f Enhanced LaTeX Graphics (DPC,SPQR)

(/usr/share/texmf-texlive/tex/latex/graphics/keyval.sty
Package: keyval 1999/03/16 v1.13 key=value parser (DPC)
\KV@toks@=\toks14
)
(/usr/share/texmf-texlive/tex/latex/graphics/graphics.sty
Package: graphics 2006/02/20 v1.0o Standard LaTeX Graphics (DPC,SPQR)

(/usr/share/texmf-texlive/tex/latex/graphics/trig.sty
Package: trig 1999/03/16 v1.09 sin cos tan (DPC)
)
(/etc/texmf/tex/latex/config/graphics.cfg
File: graphics.cfg 2007/01/18 v1.5 graphics configuration of teTeX/TeXLive
)
Package graphics Info: Driver file: dvips.def on input line 90.

(/usr/share/texmf-texlive/tex/latex/graphics/dvips.def
File: dvips.def 1999/02/16 v3.0i Driver-dependant file (DPC,SPQR)
))
\Gin@req@height=\dimen103
\Gin@req@width=\dimen104
)
\epsfxsize=\dimen105
\epsfysize=\dimen106
)
(/usr/share/texmf-texlive/tex/latex/fancyhdr/fancyhdr.sty
\fancy@headwidth=\skip43
\f@ncyO@elh=\skip44
\f@ncyO@erh=\skip45
\f@ncyO@olh=\skip46
\f@ncyO@orh=\skip47
\f@ncyO@elf=\skip48
\f@ncyO@erf=\skip49
\f@ncyO@olf=\skip50
\f@ncyO@orf=\skip51
) (./atlas_install.aux)
\openout1 = `atlas_install.aux'.

LaTeX Font Info:    Checking defaults for OML/cmm/m/it on input line 39.
LaTeX Font Info:    ... okay on input line 39.
LaTeX Font Info:    Checking defaults for T1/cmr/m/n on input line 39.
LaTeX Font Info:    ... okay on input line 39.
LaTeX Font Info:    Checking defaults for OT1/cmr/m/n on input line 39.
LaTeX Font Info:    ... okay on input line 39.
LaTeX Font Info:    Checking defaults for OMS/cmsy/m/n on input line 39.
LaTeX Font Info:    ... okay on input line 39.
LaTeX Font Info:    Checking defaults for OMX/cmex/m/n on input line 39.
LaTeX Font Info:    ... okay on input line 39.
LaTeX Font Info:    Checking defaults for U/cmr/m/n on input line 39.
LaTeX Font Info:    ... okay on input line 39.
LaTeX Font Info:    External font `cmex10' loaded for size
(Font)              <17.28> on input line 53.
LaTeX Font Info:    External font `cmex10' loaded for size
(Font)              <12> on input line 53.
LaTeX Font Info:    External font `cmex10' loaded for size
(Font)              <8> on input line 53.
LaTeX Font Info:    External font `cmex10' loaded for size
(Font)              <6> on input line 53.
LaTeX Font Info:    External font `cmex10' loaded for size
(Font)              <5> on input line 53.
LaTeX Font Info:    External font `cmex10' loaded for size
(Font)              <9> on input line 53.
 [1

] (./atlas_install.toc
LaTeX Font Info:    External font `cmex10' loaded for size
(Font)              <7> on input line 3.
)
\tf@toc=\write3
\openout3 = `atlas_install.toc'.



Package Fancyhdr Warning: \headheight is too small (12.5pt): 
 Make it at least 13.59999pt.
 We now make it that large for the rest of the document.
 This may cause the page layout to be inconsistent, however.

[2]

LaTeX Warning: Citation `atlas-hp' on page 1 undefined on input line 92.


LaTeX Warning: Citation `atlas_wn97' on page 1 undefined on input line 92.


LaTeX Warning: Citation `atlas_sc98' on page 1 undefined on input line 92.


LaTeX Warning: Citation `atlas_siam' on page 1 undefined on input line 92.


LaTeX Warning: Citation `WN147' on page 1 undefined on input line 92.


LaTeX Warning: Citation `whaley04' on page 1 undefined on input line 92.


LaTeX Warning: Citation `blas3' on page 1 undefined on input line 94.


LaTeX Warning: Citation `blas2a' on page 1 undefined on input line 94.


LaTeX Warning: Citation `blas2b' on page 1 undefined on input line 94.


LaTeX Warning: Citation `blas1a' on page 1 undefined on input line 94.


LaTeX Warning: Citation `blas1b' on page 1 undefined on input line 94.


LaTeX Warning: Citation `lug' on page 1 undefined on input line 107.


LaTeX Warning: Citation `lapack-hp' on page 1 undefined on input line 111.


LaTeX Warning: Citation `Toledo-LU' on page 1 undefined on input line 120.


LaTeX Warning: Citation `RecFred' on page 1 undefined on input line 120.


LaTeX Warning: Citation `gustavson98a' on page 1 undefined on input line 120.


LaTeX Warning: Citation `WN146' on page 1 undefined on input line 120.


LaTeX Warning: Citation `RecQR' on page 1 undefined on input line 120.


LaTeX Warning: Citation `Blast' on page 1 undefined on input line 124.


LaTeX Warning: Citation `blast-toms' on page 1 undefined on input line 124.

[1]
LaTeX Font Info:    External font `cmex10' loaded for size
(Font)              <10.95> on input line 181.
 [2]
LaTeX Font Info:    Try loading font information for OMS+cmr on input line 237.

 (/usr/share/texmf-texlive/tex/latex/base/omscmr.fd
File: omscmr.fd 1999/05/25 v2.5h Standard LaTeX font definitions
)
LaTeX Font Info:    Font shape `OMS/cmr/m/n' in size <10.95> not available
(Font)              Font shape `OMS/cmsy/m/n' tried instead on input line 237.

Overfull \hbox (14.77765pt too wide) in paragraph at lines 281--281
[]   \OT1/cmtt/m/n/10.95 make check                                    # sanity
 check correct answer[] 
 []

[3]
Overfull \hbox (9.46022pt too wide) in paragraph at lines 305--319
\OT1/cmr/m/n/10.95 PACK (\OMS/cmsy/m/n/10.95 x\OT1/cmr/m/n/10.95 3.1[]), build-
ing a shared li-brary (\OMS/cmsy/m/n/10.95 x\OT1/cmr/m/n/10.95 3.3[]), chang-in
g the com-pil-ers (\OMS/cmsy/m/n/10.95 x\OT1/cmr/m/n/10.95 3.2[]), and a flag (
\OMS/cmsy/m/n/10.95 x\OT1/cmr/m/n/10.95 3.2.4[])
 []


Overfull \hbox (28.98566pt too wide) in paragraph at lines 322--331
\OT1/cmr/m/n/10.95 as-sum-ing you have pre-vi-ously down-loaded the la-pack tar
file to \OT1/cmtt/m/n/10.95 /home/whaley/dload/lapack.tgz\OT1/cmr/m/n/10.95 ,
 []

[4]
Overfull \hbox (30.50453pt too wide) in paragraph at lines 442--445
\OT1/cmr/m/n/10.95 As of this writ-ing, the newest LA-PACK tarfile was \OT1/cmt
t/m/n/10.95 http://www.netlib.org/lapack/lapack.tgz\OT1/cmr/m/n/10.95 . 
 []

[5] [6] [7]
Overfull \hbox (7.05182pt too wide) in paragraph at lines 662--665
[]\OT1/cmr/m/n/10.95 We would have all C rou-tines com-piled with \OT1/cmtt/m/n
/10.95 -fPIC\OT1/cmr/m/n/10.95 , and also have the macro \OT1/cmtt/m/n/10.95 Us
ingDynamic
 []

[8] [9] [10] [11] [12] [13]

LaTeX Warning: Citation `atlas-devel' on page 14 undefined on input line 1013.

[14] [15]
Overfull \hbox (54.50177pt too wide) in paragraph at lines 1192--1198
[]\OT1/cmr/m/n/10.95 Figure 3[] shows me do-ing this on my Core2Duo, with \OT1/
cmtt/m/n/10.95 SRCdir \OT1/cmr/m/n/10.95 = \OT1/cmtt/m/n/10.95 /home/whaley/TES
T/ATLAS3.7.36.0
 []

[16] [17]
Overfull \hbox (47.8909pt too wide) in paragraph at lines 1302--1302
[]\OT1/cmr/bx/n/14.4 Example: In-stalling AT-LAS with full LA-PACK on Linux/AMD
64 
 []

[18]
Overfull \hbox (72.26453pt too wide) in paragraph at lines 1340--1340
[]\OT1/cmtt/m/n/10.95 Configured with: ../configure --prefix=/home/whaley/local
/gcc-4.2.1 --enable-languages=c[] 
 []

[19] [20] [21] [22] [23]
No file atlas_install.bbl.
[24] (./atlas_install.aux)

LaTeX Warning: There were undefined references.

 ) 
Here is how much of TeX's memory you used:
 809 strings out of 95087
 9525 string characters out of 1183278
 63328 words of memory out of 1500000
 4014 multiletter control sequences out of 10000+50000
 12325 words of font info for 44 fonts, out of 1200000 for 2000
 28 hyphenation exceptions out of 8191
 32i,11n,43p,215b,416s stack positions out of 30000i,500n,6000p,200000b,5000s

Output written on atlas_install.dvi (26 pages, 101700 bytes).
